<?xml version="1.0" encoding="UTF-8"?>
<!-- Generated by org.testng.reporters.JUnitReportReporter -->
<testsuite hostname="DESKTOP-TBO4FA5" failures="0" tests="1" name="com.demoTestcase.TestCase" time="8.490" errors="0" timestamp="2021-11-02T20:21:01 IST" skipped="0">
  <testcase classname="com.demoTestcase.TestCase" name="demo1" time="8.490"/>
  <system-out/>
</testsuite> <!-- com.demoTestcase.TestCase -->
